{
  "stats": {
    "suites": 1,
    "tests": 1,
    "passes": 0,
    "pending": 0,
    "failures": 1,
    "start": "2024-10-13T11:55:34.237Z",
    "end": "2024-10-13T11:55:58.294Z",
    "duration": 24057,
    "testsRegistered": 1,
    "passPercent": 0,
    "pendingPercent": 0,
    "other": 0,
    "hasOther": false,
    "skipped": 0,
    "hasSkipped": false
  },
  "results": [
    {
      "uuid": "14f970cf-ccc0-40c3-a3a1-65c5f00b8d74",
      "title": "",
      "fullFile": "cypress\\e2e\\Tests\\AssignQuestionsCollab\\AssignMonthlyQuestionsCollab.cy.js",
      "file": "cypress\\e2e\\Tests\\AssignQuestionsCollab\\AssignMonthlyQuestionsCollab.cy.js",
      "beforeHooks": [],
      "afterHooks": [],
      "tests": [],
      "suites": [
        {
          "uuid": "737e7d93-7f6e-4532-b31a-ea81f81e0bda",
          "title": "Login and Assign Monthly Questions To Collaborator",
          "fullFile": "",
          "file": "",
          "beforeHooks": [],
          "afterHooks": [],
          "tests": [
            {
              "title": "Assign Monthly Questions To Collaborator",
              "fullTitle": "Login and Assign Monthly Questions To Collaborator Assign Monthly Questions To Collaborator",
              "timedOut": null,
              "duration": 16275,
              "state": "failed",
              "speed": null,
              "pass": false,
              "fail": true,
              "pending": false,
              "context": null,
              "code": "assignMonthlyQuestionsCollab.click_latest_brsr_report().click_section_c().click_question().click_essential_indicator_type().click_search_question().click_select_question().click_assign_question().click_collab_option().click_assignee_options().select_assignee_by_index(0).select_reviewer_by_index(3).click_return_back().click_cancle_button();\n//.click_save_button()",
              "err": {
                "message": "AssertionError: Timed out retrying after 4000ms: Expected to find content: 'BRSR' within the selector: 'p' but never did.",
                "estack": "AssertionError: Timed out retrying after 4000ms: Expected to find content: 'BRSR' within the selector: 'p' but never did.\n    at AssignMonthlyQuestionsCollab.click_latest_brsr_report (webpack://cypresswebstie/./cypress/e2e/pages/Assign_Questions_collab/assign_monthly_questions_collab.js:25:11)\n    at Context.eval (webpack://cypresswebstie/./cypress/e2e/Tests/AssignQuestionsCollab/AssignMonthlyQuestionsCollab.cy.js:13:9)",
                "diff": null
              },
              "uuid": "c95afa1b-bcb2-4cb4-acac-ddff28d008f7",
              "parentUUID": "737e7d93-7f6e-4532-b31a-ea81f81e0bda",
              "isHook": false,
              "skipped": false
            }
          ],
          "suites": [],
          "passes": [],
          "failures": [
            "c95afa1b-bcb2-4cb4-acac-ddff28d008f7"
          ],
          "pending": [],
          "skipped": [],
          "duration": 16275,
          "root": false,
          "rootEmpty": false,
          "_timeout": 2000
        }
      ],
      "passes": [],
      "failures": [],
      "pending": [],
      "skipped": [],
      "duration": 0,
      "root": true,
      "rootEmpty": true,
      "_timeout": 2000
    }
  ],
  "meta": {
    "mocha": {
      "version": "7.0.1"
    },
    "mochawesome": {
      "options": {
        "quiet": false,
        "reportFilename": "mochawesome",
        "saveHtml": true,
        "saveJson": true,
        "consoleReporter": "spec",
        "useInlineDiffs": false,
        "code": true
      },
      "version": "7.1.3"
    },
    "marge": {
      "options": {
        "charts": true,
        "reportDir": "cypress/reports",
        "overwrite": false,
        "html": true,
        "json": true
      },
      "version": "6.2.0"
    }
  }
}