{
  "stats": {
    "suites": 1,
    "tests": 1,
    "passes": 0,
    "pending": 0,
    "failures": 1,
    "start": "2024-10-13T11:52:43.058Z",
    "end": "2024-10-13T11:53:09.908Z",
    "duration": 26850,
    "testsRegistered": 1,
    "passPercent": 0,
    "pendingPercent": 0,
    "other": 0,
    "hasOther": false,
    "skipped": 0,
    "hasSkipped": false
  },
  "results": [
    {
      "uuid": "d9d6ed29-e594-4caf-9813-840a090d0c06",
      "title": "",
      "fullFile": "cypress\\e2e\\Tests\\Assessment\\add_assessment_materialtopic.cy.js",
      "file": "cypress\\e2e\\Tests\\Assessment\\add_assessment_materialtopic.cy.js",
      "beforeHooks": [],
      "afterHooks": [],
      "tests": [],
      "suites": [
        {
          "uuid": "4065dc20-a12b-4de9-b008-9d724f69f118",
          "title": "All Tests",
          "fullFile": "",
          "file": "",
          "beforeHooks": [],
          "afterHooks": [],
          "tests": [
            {
              "title": "Login and Navigate to preferences",
              "fullTitle": "All Tests Login and Navigate to preferences",
              "timedOut": null,
              "duration": 17376,
              "state": "failed",
              "speed": null,
              "pass": false,
              "fail": true,
              "pending": false,
              "context": null,
              "code": "AddAssessment.clickLogo().clickAssessment().clickAddAssessment().clickMaterialTopics().selectMaterialTopic(0) // Select the first option (index 0)\n.selectDate(1) // Select the first option (index 0)\n.selectAssessmentDueDate() // Select the first option (index 0)\n.selectAuditDueDate() // Select the first option (index 0)\n.selectAuditor(0) // Select the first option (index 0)\n.selectBusinessCriticality(0) // Select the first option (index 0)\n.selectSupplierCategory(0) // Select multiple options (indices 0, 1, and 2)\n.clickViewSupplier().clickCloseView();\n//.clickSendAssessment()",
              "err": {
                "message": "CypressError: Timed out retrying after 4050ms: `cy.click()` could not be issued because we could not determine the actionability of this element:\n\n`<div class=\"css-1pmp3sx\">...</div>`\n\nYou can prevent this by passing `{force: true}` to disable all error checking.",
                "estack": "CypressError: Timed out retrying after 4050ms: `cy.click()` could not be issued because we could not determine the actionability of this element:\n\n`<div class=\"css-1pmp3sx\">...</div>`\n\nYou can prevent this by passing `{force: true}` to disable all error checking.\n    at ensureNotAnimating (https://frontend.orennow.com/__cypress/runner/cypress_runner.js:113192:66)\n    at runAllChecks (https://frontend.orennow.com/__cypress/runner/cypress_runner.js:113342:9)\n    at retryActionability (https://frontend.orennow.com/__cypress/runner/cypress_runner.js:113386:16)\n    at tryCatcher (https://frontend.orennow.com/__cypress/runner/cypress_runner.js:1807:23)\n    at Promise.attempt.Promise.try (https://frontend.orennow.com/__cypress/runner/cypress_runner.js:4315:29)\n    at whenStable (https://frontend.orennow.com/__cypress/runner/cypress_runner.js:143797:68)\n    at <unknown> (https://frontend.orennow.com/__cypress/runner/cypress_runner.js:143738:14)\n    at tryCatcher (https://frontend.orennow.com/__cypress/runner/cypress_runner.js:1807:23)\n    at Promise._settlePromiseFromHandler (https://frontend.orennow.com/__cypress/runner/cypress_runner.js:1519:31)\n    at Promise._settlePromise (https://frontend.orennow.com/__cypress/runner/cypress_runner.js:1576:18)\n    at Promise._settlePromise0 (https://frontend.orennow.com/__cypress/runner/cypress_runner.js:1621:10)\n    at Promise._settlePromises (https://frontend.orennow.com/__cypress/runner/cypress_runner.js:1701:18)\n    at Promise._fulfill (https://frontend.orennow.com/__cypress/runner/cypress_runner.js:1645:18)\n    at <unknown> (https://frontend.orennow.com/__cypress/runner/cypress_runner.js:5450:46)\nFrom Your Spec Code:\n    at AddAssessmentMaterialTopic.clickLogo (webpack://cypresswebstie/./cypress/e2e/pages/Assessment_Page/Add_Assessment_MaterialTopic.js:23:26)\n    at Context.eval (webpack://cypresswebstie/./cypress/e2e/Tests/Assessment/add_assessment_materialtopic.cy.js:13:13)",
                "diff": null
              },
              "uuid": "43015a0f-b8e6-4733-a2f1-928bf3932bc5",
              "parentUUID": "4065dc20-a12b-4de9-b008-9d724f69f118",
              "isHook": false,
              "skipped": false
            }
          ],
          "suites": [],
          "passes": [],
          "failures": [
            "43015a0f-b8e6-4733-a2f1-928bf3932bc5"
          ],
          "pending": [],
          "skipped": [],
          "duration": 17376,
          "root": false,
          "rootEmpty": false,
          "_timeout": 2000
        }
      ],
      "passes": [],
      "failures": [],
      "pending": [],
      "skipped": [],
      "duration": 0,
      "root": true,
      "rootEmpty": true,
      "_timeout": 2000
    }
  ],
  "meta": {
    "mocha": {
      "version": "7.0.1"
    },
    "mochawesome": {
      "options": {
        "quiet": false,
        "reportFilename": "mochawesome",
        "saveHtml": true,
        "saveJson": true,
        "consoleReporter": "spec",
        "useInlineDiffs": false,
        "code": true
      },
      "version": "7.1.3"
    },
    "marge": {
      "options": {
        "charts": true,
        "reportDir": "cypress/reports",
        "overwrite": false,
        "html": true,
        "json": true
      },
      "version": "6.2.0"
    }
  }
}