{
  "stats": {
    "suites": 6,
    "tests": 7,
    "passes": 1,
    "pending": 0,
    "failures": 6,
    "start": "2024-10-13T11:43:59.311Z",
    "end": "2024-10-13T11:47:11.981Z",
    "duration": 192670,
    "testsRegistered": 7,
    "passPercent": 14.285714285714285,
    "pendingPercent": 0,
    "other": 0,
    "hasOther": false,
    "skipped": 0,
    "hasSkipped": false
  },
  "results": [
    {
      "uuid": "16523441-be69-404c-9eb3-a4e793740d80",
      "title": "",
      "fullFile": "cypress\\e2e\\Tests\\RunAllTests.cy.js",
      "file": "cypress\\e2e\\Tests\\RunAllTests.cy.js",
      "beforeHooks": [],
      "afterHooks": [],
      "tests": [
        {
          "title": "Login test 1",
          "fullTitle": "Login test 1",
          "timedOut": null,
          "duration": 7507,
          "state": "passed",
          "speed": "medium",
          "pass": true,
          "fail": false,
          "pending": false,
          "context": null,
          "code": "cy.visit('https://frontend.orennow.com/auth/login');\nloginPage.enterEmail('tester_shraddha@mailinator.com').enterPassword('Test@1234').clickLogin();",
          "err": {},
          "uuid": "2d3889a0-6e9d-459a-988a-7dd108988001",
          "parentUUID": "16523441-be69-404c-9eb3-a4e793740d80",
          "isHook": false,
          "skipped": false
        }
      ],
      "suites": [
        {
          "uuid": "981e7516-81d3-424c-aa4a-78e49ca1380a",
          "title": "Login and Add Supplier",
          "fullFile": "",
          "file": "",
          "beforeHooks": [],
          "afterHooks": [],
          "tests": [
            {
              "title": "Login and add supplier",
              "fullTitle": "Login and Add Supplier Login and add supplier",
              "timedOut": null,
              "duration": 19130,
              "state": "failed",
              "speed": null,
              "pass": false,
              "fail": true,
              "pending": false,
              "context": null,
              "code": "addsupplier.clickLogo().clickUserManagment().clickSupplierButton().addSupplier().enterCompanyName().selectCountryOfIncorporation().enterPANno().selectBusinessCriticality().selectFinancialYearCycle().selectAnnualSpend().selectSupplierCategory().selectNameOfSpoc().addDesignation().enterEmail().enterMobileNumber().enterAddress().enterWebsite().clickSave().clickCancel();",
              "err": {
                "message": "AssertionError: Timed out retrying after 4000ms: Expected to find content: 'Suppliers' but never did.",
                "estack": "AssertionError: Timed out retrying after 4000ms: Expected to find content: 'Suppliers' but never did.\n    at AddSupplier.clickSupplierButton (webpack://cypresswebstie/./cypress/e2e/pages/User_Management/Add_Suppliers_demo.js:40:11)\n    at Context.eval (webpack://cypresswebstie/./cypress/e2e/Tests/UserManagement/AddSupplier_demo.cy.js:14:13)",
                "diff": null
              },
              "uuid": "36c65a74-0a3e-4753-89ad-07070bf5cbe9",
              "parentUUID": "981e7516-81d3-424c-aa4a-78e49ca1380a",
              "isHook": false,
              "skipped": false
            }
          ],
          "suites": [],
          "passes": [],
          "failures": [
            "36c65a74-0a3e-4753-89ad-07070bf5cbe9"
          ],
          "pending": [],
          "skipped": [],
          "duration": 19130,
          "root": false,
          "rootEmpty": false,
          "_timeout": 2000
        },
        {
          "uuid": "dea06160-a6ee-4023-b38b-a461e33ca49d",
          "title": "Mailinator",
          "fullFile": "",
          "file": "",
          "beforeHooks": [],
          "afterHooks": [],
          "tests": [
            {
              "title": "Use the extracted password for supplier and reset",
              "fullTitle": "Mailinator Use the extracted password for supplier and reset",
              "timedOut": null,
              "duration": 16878,
              "state": "failed",
              "speed": null,
              "pass": false,
              "fail": true,
              "pending": false,
              "context": null,
              "code": "cy.on('uncaught:exception', err => {\n  if (err.message.includes('Failed to execute \\'send\\' on \\'WebSocket\\': Still in CONNECTING state.') || err.message.includes('Cannot read properties of undefined')) {\n    return false;\n  }\n});\nmailinatorLogin.visitMailinator(mailinatorUrl, supplierEmail) // Pass the mailinator URL\n.extractPassword().then(() => {\n  cy.get('@dynamicPassword').then(dynamicPassword => {\n    mailinatorLogin.performSupplierLogin(loginUrl, supplierEmail, dynamicPassword).skipInitialSetup(baseUrl).navigateToPersonalProfile(baseUrl).updatePassword(baseUrl, dynamicPassword, supplierPassword);\n  });\n});",
              "err": {
                "message": "CypressError: Timed out retrying after 4050ms: `cy.click()` failed because this element is not visible:\n\n`<table class=\"table-striped jambo_table\" style=\"font-weight: 400;color:#000;table-layout: auto;margin:0 0 0 10px;width:98%;overflow-x: auto;\">...</table>`\n\nThis element `<table.table-striped.jambo_table>` is not visible because it has an effective width and height of: `755 x 0` pixels.\n\nFix this problem, or use `{force: true}` to disable error checking.\n\nhttps://on.cypress.io/element-cannot-be-interacted-with",
                "estack": "CypressError: Timed out retrying after 4050ms: `cy.click()` failed because this element is not visible:\n\n`<table class=\"table-striped jambo_table\" style=\"font-weight: 400;color:#000;table-layout: auto;margin:0 0 0 10px;width:98%;overflow-x: auto;\">...</table>`\n\nThis element `<table.table-striped.jambo_table>` is not visible because it has an effective width and height of: `755 x 0` pixels.\n\nFix this problem, or use `{force: true}` to disable error checking.\n\nhttps://on.cypress.io/element-cannot-be-interacted-with\n    at runVisibilityCheck (https://www.mailinator.com/__cypress/runner/cypress_runner.js:145007:58)\n    at Object.isStrictlyVisible (https://www.mailinator.com/__cypress/runner/cypress_runner.js:145021:10)\n    at runAllChecks (https://www.mailinator.com/__cypress/runner/cypress_runner.js:113318:26)\n    at retryActionability (https://www.mailinator.com/__cypress/runner/cypress_runner.js:113386:16)\n    at tryCatcher (https://www.mailinator.com/__cypress/runner/cypress_runner.js:1807:23)\n    at Promise.attempt.Promise.try (https://www.mailinator.com/__cypress/runner/cypress_runner.js:4315:29)\n    at whenStable (https://www.mailinator.com/__cypress/runner/cypress_runner.js:143797:68)\n    at <unknown> (https://www.mailinator.com/__cypress/runner/cypress_runner.js:143738:14)\n    at tryCatcher (https://www.mailinator.com/__cypress/runner/cypress_runner.js:1807:23)\n    at Promise._settlePromiseFromHandler (https://www.mailinator.com/__cypress/runner/cypress_runner.js:1519:31)\n    at Promise._settlePromise (https://www.mailinator.com/__cypress/runner/cypress_runner.js:1576:18)\n    at Promise._settlePromise0 (https://www.mailinator.com/__cypress/runner/cypress_runner.js:1621:10)\n    at Promise._settlePromises (https://www.mailinator.com/__cypress/runner/cypress_runner.js:1701:18)\n    at Promise._fulfill (https://www.mailinator.com/__cypress/runner/cypress_runner.js:1645:18)\n    at <unknown> (https://www.mailinator.com/__cypress/runner/cypress_runner.js:5450:46)\nFrom Your Spec Code:\n    at MailinatorLogin.visitMailinator (webpack://cypresswebstie/./cypress/e2e/pages/Mailinator_Login/Mailinator_Login_demo.js:30:43)\n    at Context.eval (webpack://cypresswebstie/./cypress/e2e/Tests/Mailinator/Mailinator_supplier.cy.js:26:13)",
                "diff": null
              },
              "uuid": "aba9b6aa-d809-40cd-96f3-9cd7fdf5a782",
              "parentUUID": "dea06160-a6ee-4023-b38b-a461e33ca49d",
              "isHook": false,
              "skipped": false
            }
          ],
          "suites": [],
          "passes": [],
          "failures": [
            "aba9b6aa-d809-40cd-96f3-9cd7fdf5a782"
          ],
          "pending": [],
          "skipped": [],
          "duration": 16878,
          "root": false,
          "rootEmpty": false,
          "_timeout": 2000
        },
        {
          "uuid": "edb81164-7e28-4bb8-9d85-2d036b419152",
          "title": "Login and Add Colloborator",
          "fullFile": "",
          "file": "",
          "beforeHooks": [],
          "afterHooks": [],
          "tests": [
            {
              "title": "Add Collaborator",
              "fullTitle": "Login and Add Colloborator Add Collaborator",
              "timedOut": null,
              "duration": 20402,
              "state": "failed",
              "speed": null,
              "pass": false,
              "fail": true,
              "pending": false,
              "context": null,
              "code": "usermanagement.navigateToUserManagementPage();\nusermanagement.navigateToMyCompanyPage();\nadd_collaborators.navigateToByUserPage();\nadd_collaborators.addCollaboratorBtn();\nadd_collaborators.collaboratorName();\nadd_collaborators.collaboratorMobile();\nadd_collaborators.collaboratorEmail();\nadd_collaborators.selectRole();\nadd_collaborators.collaboratorBusinessUnit(0);\nadd_collaborators.collaboratorDepartment(2);\nadd_collaborators.clickSubmit();",
              "err": {
                "message": "AssertionError: Timed out retrying after 4000ms: Expected to find content: 'My Company' but never did.",
                "estack": "AssertionError: Timed out retrying after 4000ms: Expected to find content: 'My Company' but never did.\n    at UserManagement.navigateToMyCompanyPage (webpack://cypresswebstie/./cypress/e2e/pages/User_Management/UserManagement_demo.js:14:11)\n    at Context.eval (webpack://cypresswebstie/./cypress/e2e/Tests/UserManagement/AddCollab_demo.cy.js:17:23)",
                "diff": null
              },
              "uuid": "f6e68e20-8098-4726-82fd-273b5bae75dd",
              "parentUUID": "edb81164-7e28-4bb8-9d85-2d036b419152",
              "isHook": false,
              "skipped": false
            }
          ],
          "suites": [],
          "passes": [],
          "failures": [
            "f6e68e20-8098-4726-82fd-273b5bae75dd"
          ],
          "pending": [],
          "skipped": [],
          "duration": 20402,
          "root": false,
          "rootEmpty": false,
          "_timeout": 2000
        },
        {
          "uuid": "878099b8-b4ed-4a20-8405-b08886e43c66",
          "title": "Mailinator",
          "fullFile": "",
          "file": "",
          "beforeHooks": [],
          "afterHooks": [],
          "tests": [
            {
              "title": "Use the extracted password for collab and reset",
              "fullTitle": "Mailinator Use the extracted password for collab and reset",
              "timedOut": null,
              "duration": 13147,
              "state": "failed",
              "speed": null,
              "pass": false,
              "fail": true,
              "pending": false,
              "context": null,
              "code": "cy.on('uncaught:exception', err => {\n  if (err.message.includes('Failed to execute \\'send\\' on \\'WebSocket\\': Still in CONNECTING state.') || err.message.includes('Cannot read properties of undefined')) {\n    return false;\n  }\n});\nmailinatorLogin.visitMailinator(mailinatorUrl, collabEmail) // Pass the mailinator URL\n.extractPassword().then(() => {\n  cy.get('@dynamicPassword').then(dynamicPassword => {\n    mailinatorLogin.performSupplierLogin(loginUrl, collabEmail, dynamicPassword).skipInitialSetup(baseUrl).navigateToPersonalProfile(baseUrl).updatePassword(baseUrl, dynamicPassword, collabPassword);\n  });\n});",
              "err": {
                "message": "CypressError: Timed out retrying after 4050ms: `cy.click()` failed because this element is not visible:\n\n`<table class=\"table-striped jambo_table\" style=\"font-weight: 400;color:#000;table-layout: auto;margin:0 0 0 10px;width:98%;overflow-x: auto;\">...</table>`\n\nThis element `<table.table-striped.jambo_table>` is not visible because it has an effective width and height of: `755 x 0` pixels.\n\nFix this problem, or use `{force: true}` to disable error checking.\n\nhttps://on.cypress.io/element-cannot-be-interacted-with",
                "estack": "CypressError: Timed out retrying after 4050ms: `cy.click()` failed because this element is not visible:\n\n`<table class=\"table-striped jambo_table\" style=\"font-weight: 400;color:#000;table-layout: auto;margin:0 0 0 10px;width:98%;overflow-x: auto;\">...</table>`\n\nThis element `<table.table-striped.jambo_table>` is not visible because it has an effective width and height of: `755 x 0` pixels.\n\nFix this problem, or use `{force: true}` to disable error checking.\n\nhttps://on.cypress.io/element-cannot-be-interacted-with\n    at runVisibilityCheck (https://www.mailinator.com/__cypress/runner/cypress_runner.js:145007:58)\n    at Object.isStrictlyVisible (https://www.mailinator.com/__cypress/runner/cypress_runner.js:145021:10)\n    at runAllChecks (https://www.mailinator.com/__cypress/runner/cypress_runner.js:113318:26)\n    at retryActionability (https://www.mailinator.com/__cypress/runner/cypress_runner.js:113386:16)\n    at tryCatcher (https://www.mailinator.com/__cypress/runner/cypress_runner.js:1807:23)\n    at Promise.attempt.Promise.try (https://www.mailinator.com/__cypress/runner/cypress_runner.js:4315:29)\n    at whenStable (https://www.mailinator.com/__cypress/runner/cypress_runner.js:143797:68)\n    at <unknown> (https://www.mailinator.com/__cypress/runner/cypress_runner.js:143738:14)\n    at tryCatcher (https://www.mailinator.com/__cypress/runner/cypress_runner.js:1807:23)\n    at Promise._settlePromiseFromHandler (https://www.mailinator.com/__cypress/runner/cypress_runner.js:1519:31)\n    at Promise._settlePromise (https://www.mailinator.com/__cypress/runner/cypress_runner.js:1576:18)\n    at Promise._settlePromise0 (https://www.mailinator.com/__cypress/runner/cypress_runner.js:1621:10)\n    at Promise._settlePromises (https://www.mailinator.com/__cypress/runner/cypress_runner.js:1701:18)\n    at Promise._fulfill (https://www.mailinator.com/__cypress/runner/cypress_runner.js:1645:18)\n    at <unknown> (https://www.mailinator.com/__cypress/runner/cypress_runner.js:5450:46)\nFrom Your Spec Code:\n    at MailinatorLogin.visitMailinator (webpack://cypresswebstie/./cypress/e2e/pages/Mailinator_Login/Mailinator_Login_demo.js:30:43)\n    at Context.eval (webpack://cypresswebstie/./cypress/e2e/Tests/Mailinator/Mailinator_collab.cy.js:26:13)",
                "diff": null
              },
              "uuid": "afb78b53-2a50-4b48-8207-10d80b26d9bd",
              "parentUUID": "878099b8-b4ed-4a20-8405-b08886e43c66",
              "isHook": false,
              "skipped": false
            }
          ],
          "suites": [],
          "passes": [],
          "failures": [
            "afb78b53-2a50-4b48-8207-10d80b26d9bd"
          ],
          "pending": [],
          "skipped": [],
          "duration": 13147,
          "root": false,
          "rootEmpty": false,
          "_timeout": 2000
        },
        {
          "uuid": "9924b995-f0f2-42de-989d-c3484323108d",
          "title": "Login and Add Business Units",
          "fullFile": "",
          "file": "",
          "beforeHooks": [],
          "afterHooks": [],
          "tests": [
            {
              "title": "Login and Add Business Units",
              "fullTitle": "Login and Add Business Units Login and Add Business Units",
              "timedOut": null,
              "duration": 15544,
              "state": "failed",
              "speed": null,
              "pass": false,
              "fail": true,
              "pending": false,
              "context": null,
              "code": "businessunit.clickUserManagement();\n// businessunit.clickAddBusinessUnit()\n// businessunit.enterBusinessUnitName()\n// businessunit.SelectCountry()\n// businessunit.clickAdd()\n//businessunit.clickClose()\nbusinessunit.clickAddUser();\n// businessunit.enterName()\n// businessunit.enterEmail()\n// businessunit.enterMobile()\n// businessunit.businessUnitDepartment(2)\n// businessunit.clickAdd()\n// businessunit.clickCancel()",
              "err": {
                "message": "CypressError: Timed out retrying after 4050ms: `cy.click()` failed because this element is not visible:\n\n`<a class=\"chakra-link css-1dggew6\" href=\"/settings/userManagement\">...</a>`\n\nThis element `<a.chakra-link.css-1dggew6>` is not visible because its parent `<div.css-k7zs81>` has CSS property: `display: none`\n\nFix this problem, or use `{force: true}` to disable error checking.\n\nhttps://on.cypress.io/element-cannot-be-interacted-with",
                "estack": "CypressError: Timed out retrying after 4050ms: `cy.click()` failed because this element is not visible:\n\n`<a class=\"chakra-link css-1dggew6\" href=\"/settings/userManagement\">...</a>`\n\nThis element `<a.chakra-link.css-1dggew6>` is not visible because its parent `<div.css-k7zs81>` has CSS property: `display: none`\n\nFix this problem, or use `{force: true}` to disable error checking.\n\nhttps://on.cypress.io/element-cannot-be-interacted-with\n    at runVisibilityCheck (https://frontend.orennow.com/__cypress/runner/cypress_runner.js:145007:58)\n    at Object.isStrictlyVisible (https://frontend.orennow.com/__cypress/runner/cypress_runner.js:145021:10)\n    at runAllChecks (https://frontend.orennow.com/__cypress/runner/cypress_runner.js:113318:26)\n    at retryActionability (https://frontend.orennow.com/__cypress/runner/cypress_runner.js:113386:16)\n    at tryCatcher (https://frontend.orennow.com/__cypress/runner/cypress_runner.js:1807:23)\n    at Promise.attempt.Promise.try (https://frontend.orennow.com/__cypress/runner/cypress_runner.js:4315:29)\n    at whenStable (https://frontend.orennow.com/__cypress/runner/cypress_runner.js:143797:68)\n    at <unknown> (https://frontend.orennow.com/__cypress/runner/cypress_runner.js:143738:14)\n    at tryCatcher (https://frontend.orennow.com/__cypress/runner/cypress_runner.js:1807:23)\n    at Promise._settlePromiseFromHandler (https://frontend.orennow.com/__cypress/runner/cypress_runner.js:1519:31)\n    at Promise._settlePromise (https://frontend.orennow.com/__cypress/runner/cypress_runner.js:1576:18)\n    at Promise._settlePromise0 (https://frontend.orennow.com/__cypress/runner/cypress_runner.js:1621:10)\n    at Promise._settlePromises (https://frontend.orennow.com/__cypress/runner/cypress_runner.js:1701:18)\n    at Promise._fulfill (https://frontend.orennow.com/__cypress/runner/cypress_runner.js:1645:18)\n    at <unknown> (https://frontend.orennow.com/__cypress/runner/cypress_runner.js:5450:46)\nFrom Your Spec Code:\n    at businessUnits.clickUserManagement (webpack://cypresswebstie/./cypress/e2e/pages/User_Management/Business_Units_demo.js:21:33)\n    at Context.eval (webpack://cypresswebstie/./cypress/e2e/Tests/UserManagement/BusinessUnits_demo.cy.js:18:21)",
                "diff": null
              },
              "uuid": "ed86209e-9143-44bf-9a5f-dd2ad6e6df0e",
              "parentUUID": "9924b995-f0f2-42de-989d-c3484323108d",
              "isHook": false,
              "skipped": false
            }
          ],
          "suites": [],
          "passes": [],
          "failures": [
            "ed86209e-9143-44bf-9a5f-dd2ad6e6df0e"
          ],
          "pending": [],
          "skipped": [],
          "duration": 15544,
          "root": false,
          "rootEmpty": false,
          "_timeout": 2000
        },
        {
          "uuid": "abb9eb43-7a2c-484c-aedd-53ab20610313",
          "title": "Mailinator",
          "fullFile": "",
          "file": "",
          "beforeHooks": [],
          "afterHooks": [],
          "tests": [
            {
              "title": "Use the extracted password for business unit and reset",
              "fullTitle": "Mailinator Use the extracted password for business unit and reset",
              "timedOut": null,
              "duration": 11433,
              "state": "failed",
              "speed": null,
              "pass": false,
              "fail": true,
              "pending": false,
              "context": null,
              "code": "cy.on('uncaught:exception', err => {\n  if (err.message.includes('Failed to execute \\'send\\' on \\'WebSocket\\': Still in CONNECTING state.') || err.message.includes('Cannot read properties of undefined')) {\n    return false;\n  }\n});\nmailinatorLogin.visitMailinator(mailinatorUrl, buEmail) // Pass the mailinator URL\n.extractPassword().then(() => {\n  cy.get('@dynamicPassword').then(dynamicPassword => {\n    mailinatorLogin.performSupplierLogin(loginUrl, buEmail, dynamicPassword).skipInitialSetup(baseUrl).navigateToPersonalProfile(baseUrl).updatePassword(baseUrl, dynamicPassword, buPassword);\n  });\n});",
              "err": {
                "message": "CypressError: Timed out retrying after 4050ms: `cy.click()` failed because this element is not visible:\n\n`<table class=\"table-striped jambo_table\" style=\"font-weight: 400;color:#000;table-layout: auto;margin:0 0 0 10px;width:98%;overflow-x: auto;\">...</table>`\n\nThis element `<table.table-striped.jambo_table>` is not visible because it has an effective width and height of: `667 x 0` pixels.\n\nFix this problem, or use `{force: true}` to disable error checking.\n\nhttps://on.cypress.io/element-cannot-be-interacted-with",
                "estack": "CypressError: Timed out retrying after 4050ms: `cy.click()` failed because this element is not visible:\n\n`<table class=\"table-striped jambo_table\" style=\"font-weight: 400;color:#000;table-layout: auto;margin:0 0 0 10px;width:98%;overflow-x: auto;\">...</table>`\n\nThis element `<table.table-striped.jambo_table>` is not visible because it has an effective width and height of: `667 x 0` pixels.\n\nFix this problem, or use `{force: true}` to disable error checking.\n\nhttps://on.cypress.io/element-cannot-be-interacted-with\n    at runVisibilityCheck (https://www.mailinator.com/__cypress/runner/cypress_runner.js:145007:58)\n    at Object.isStrictlyVisible (https://www.mailinator.com/__cypress/runner/cypress_runner.js:145021:10)\n    at runAllChecks (https://www.mailinator.com/__cypress/runner/cypress_runner.js:113318:26)\n    at retryActionability (https://www.mailinator.com/__cypress/runner/cypress_runner.js:113386:16)\n    at tryCatcher (https://www.mailinator.com/__cypress/runner/cypress_runner.js:1807:23)\n    at Promise.attempt.Promise.try (https://www.mailinator.com/__cypress/runner/cypress_runner.js:4315:29)\n    at whenStable (https://www.mailinator.com/__cypress/runner/cypress_runner.js:143797:68)\n    at <unknown> (https://www.mailinator.com/__cypress/runner/cypress_runner.js:143738:14)\n    at tryCatcher (https://www.mailinator.com/__cypress/runner/cypress_runner.js:1807:23)\n    at Promise._settlePromiseFromHandler (https://www.mailinator.com/__cypress/runner/cypress_runner.js:1519:31)\n    at Promise._settlePromise (https://www.mailinator.com/__cypress/runner/cypress_runner.js:1576:18)\n    at Promise._settlePromise0 (https://www.mailinator.com/__cypress/runner/cypress_runner.js:1621:10)\n    at Promise._settlePromises (https://www.mailinator.com/__cypress/runner/cypress_runner.js:1701:18)\n    at Promise._fulfill (https://www.mailinator.com/__cypress/runner/cypress_runner.js:1645:18)\n    at <unknown> (https://www.mailinator.com/__cypress/runner/cypress_runner.js:5450:46)\nFrom Your Spec Code:\n    at MailinatorLogin.visitMailinator (webpack://cypresswebstie/./cypress/e2e/pages/Mailinator_Login/Mailinator_Login_demo.js:30:43)\n    at Context.eval (webpack://cypresswebstie/./cypress/e2e/Tests/Mailinator/Mailinator_bu.cy.js:26:13)",
                "diff": null
              },
              "uuid": "e6b7e345-aac8-4910-91b7-49f88cb83904",
              "parentUUID": "abb9eb43-7a2c-484c-aedd-53ab20610313",
              "isHook": false,
              "skipped": false
            }
          ],
          "suites": [],
          "passes": [],
          "failures": [
            "e6b7e345-aac8-4910-91b7-49f88cb83904"
          ],
          "pending": [],
          "skipped": [],
          "duration": 11433,
          "root": false,
          "rootEmpty": false,
          "_timeout": 2000
        }
      ],
      "passes": [
        "2d3889a0-6e9d-459a-988a-7dd108988001"
      ],
      "failures": [],
      "pending": [],
      "skipped": [],
      "duration": 7507,
      "root": true,
      "rootEmpty": false,
      "_timeout": 2000
    }
  ],
  "meta": {
    "mocha": {
      "version": "7.0.1"
    },
    "mochawesome": {
      "options": {
        "quiet": false,
        "reportFilename": "mochawesome",
        "saveHtml": true,
        "saveJson": true,
        "consoleReporter": "spec",
        "useInlineDiffs": false,
        "code": true
      },
      "version": "7.1.3"
    },
    "marge": {
      "options": {
        "charts": true,
        "reportDir": "cypress/reports",
        "overwrite": false,
        "html": true,
        "json": true
      },
      "version": "6.2.0"
    }
  }
}