{
  "stats": {
    "suites": 1,
    "tests": 1,
    "passes": 0,
    "pending": 0,
    "failures": 1,
    "start": "2024-10-13T11:49:19.458Z",
    "end": "2024-10-13T11:49:53.571Z",
    "duration": 34113,
    "testsRegistered": 1,
    "passPercent": 0,
    "pendingPercent": 0,
    "other": 0,
    "hasOther": false,
    "skipped": 0,
    "hasSkipped": false
  },
  "results": [
    {
      "uuid": "c01512f3-cdc0-40e5-adc4-c5420ce7d6ee",
      "title": "",
      "fullFile": "cypress\\e2e\\Tests\\AssignQuestionsBu\\AssignAnnualQuestionsBU.cy.js",
      "file": "cypress\\e2e\\Tests\\AssignQuestionsBu\\AssignAnnualQuestionsBU.cy.js",
      "beforeHooks": [],
      "afterHooks": [],
      "tests": [],
      "suites": [
        {
          "uuid": "c8e5deba-53d2-46f3-a241-2269e4b7b7ff",
          "title": "Login and Assign Annual Questions To BU",
          "fullFile": "",
          "file": "",
          "beforeHooks": [],
          "afterHooks": [],
          "tests": [
            {
              "title": "Assign Annual Questions To BU",
              "fullTitle": "Login and Assign Annual Questions To BU Assign Annual Questions To BU",
              "timedOut": null,
              "duration": 19363,
              "state": "failed",
              "speed": null,
              "pass": false,
              "fail": true,
              "pending": false,
              "context": null,
              "code": "assignQuestionsBu.click_latest_brsr_report().click_section_C().click_search_question().click_select_question().click_assign_question().click_bu_radio_button().select_business_units(0).select_assignee_by_index(0).select_reviewer_by_index(1).click_return_back().click_cancle_button();\n//.click_assign_button()",
              "err": {
                "message": "AssertionError: Timed out retrying after 4000ms: Expected to find content: 'BRSR' within the selector: 'p' but never did.",
                "estack": "AssertionError: Timed out retrying after 4000ms: Expected to find content: 'BRSR' within the selector: 'p' but never did.\n    at AssignAnnualQuestionsBu.click_latest_brsr_report (webpack://cypresswebstie/./cypress/e2e/pages/Assign_Questions_BU/assign_annual_questions_bu.js:35:11)\n    at Context.eval (webpack://cypresswebstie/./cypress/e2e/Tests/AssignQuestionsBu/AssignAnnualQuestionsBU.cy.js:14:13)",
                "diff": null
              },
              "uuid": "4328564b-7cee-4b9b-87ca-208de9cf2bbe",
              "parentUUID": "c8e5deba-53d2-46f3-a241-2269e4b7b7ff",
              "isHook": false,
              "skipped": false
            }
          ],
          "suites": [],
          "passes": [],
          "failures": [
            "4328564b-7cee-4b9b-87ca-208de9cf2bbe"
          ],
          "pending": [],
          "skipped": [],
          "duration": 19363,
          "root": false,
          "rootEmpty": false,
          "_timeout": 2000
        }
      ],
      "passes": [],
      "failures": [],
      "pending": [],
      "skipped": [],
      "duration": 0,
      "root": true,
      "rootEmpty": true,
      "_timeout": 2000
    }
  ],
  "meta": {
    "mocha": {
      "version": "7.0.1"
    },
    "mochawesome": {
      "options": {
        "quiet": false,
        "reportFilename": "mochawesome",
        "saveHtml": true,
        "saveJson": true,
        "consoleReporter": "spec",
        "useInlineDiffs": false,
        "code": true
      },
      "version": "7.1.3"
    },
    "marge": {
      "options": {
        "charts": true,
        "reportDir": "cypress/reports",
        "overwrite": false,
        "html": true,
        "json": true
      },
      "version": "6.2.0"
    }
  }
}